{"D:\\placement 2025\\sweet-shop-management-system\\backend\\src\\app.ts": {"path":"D:\\placement 2025\\sweet-shop-management-system\\backend\\src\\app.ts","statementMap":{"0":{"start":{"line":1,"column":0},"end":{"line":1,"column":30}},"1":{"start":{"line":2,"column":0},"end":{"line":2,"column":24}},"2":{"start":{"line":4,"column":0},"end":{"line":4,"column":46}},"3":{"start":{"line":5,"column":0},"end":{"line":5,"column":48}},"4":{"start":{"line":6,"column":0},"end":{"line":6,"column":54}},"5":{"start":{"line":8,"column":12},"end":{"line":8,"column":21}},"6":{"start":{"line":10,"column":0},"end":{"line":10,"column":16}},"7":{"start":{"line":11,"column":0},"end":{"line":11,"column":24}},"8":{"start":{"line":13,"column":0},"end":{"line":13,"column":33}},"9":{"start":{"line":14,"column":0},"end":{"line":14,"column":36}},"10":{"start":{"line":15,"column":0},"end":{"line":15,"column":42}},"11":{"start":{"line":17,"column":0},"end":{"line":19,"column":3}},"12":{"start":{"line":18,"column":2},"end":{"line":18,"column":43}},"13":{"start":{"line":21,"column":0},"end":{"line":21,"column":19}}},"fnMap":{"0":{"name":"(anonymous_1)","decl":{"start":{"line":17,"column":13},"end":{"line":17,"column":14}},"loc":{"start":{"line":17,"column":24},"end":{"line":19,"column":1}}}},"branchMap":{},"s":{"0":4,"1":4,"2":4,"3":4,"4":4,"5":4,"6":4,"7":4,"8":4,"9":4,"10":4,"11":4,"12":0,"13":4},"f":{"0":0},"b":{}}
,"D:\\placement 2025\\sweet-shop-management-system\\backend\\src\\controllers\\auth.controller.ts": {"path":"D:\\placement 2025\\sweet-shop-management-system\\backend\\src\\controllers\\auth.controller.ts","statementMap":{"0":{"start":{"line":2,"column":0},"end":{"line":2,"column":28}},"1":{"start":{"line":3,"column":0},"end":{"line":3,"column":31}},"2":{"start":{"line":4,"column":0},"end":{"line":4,"column":37}},"3":{"start":{"line":6,"column":24},"end":{"line":20,"column":1}},"4":{"start":{"line":7,"column":36},"end":{"line":7,"column":44}},"5":{"start":{"line":9,"column":25},"end":{"line":9,"column":56}},"6":{"start":{"line":11,"column":15},"end":{"line":17,"column":4}},"7":{"start":{"line":19,"column":2},"end":{"line":19,"column":61}},"8":{"start":{"line":6,"column":13},"end":{"line":6,"column":24}},"9":{"start":{"line":22,"column":21},"end":{"line":38,"column":1}},"10":{"start":{"line":23,"column":30},"end":{"line":23,"column":38}},"11":{"start":{"line":25,"column":15},"end":{"line":25,"column":65}},"12":{"start":{"line":27,"column":2},"end":{"line":29,"column":3}},"13":{"start":{"line":28,"column":4},"end":{"line":28,"column":68}},"14":{"start":{"line":31,"column":16},"end":{"line":34,"column":null}},"15":{"start":{"line":37,"column":2},"end":{"line":37,"column":22}},"16":{"start":{"line":22,"column":13},"end":{"line":22,"column":21}}},"fnMap":{"0":{"name":"(anonymous_1)","decl":{"start":{"line":6,"column":24},"end":{"line":6,"column":29}},"loc":{"start":{"line":6,"column":62},"end":{"line":20,"column":1}}},"1":{"name":"(anonymous_2)","decl":{"start":{"line":22,"column":21},"end":{"line":22,"column":26}},"loc":{"start":{"line":22,"column":59},"end":{"line":38,"column":1}}}},"branchMap":{"0":{"loc":{"start":{"line":27,"column":2},"end":{"line":29,"column":3}},"type":"if","locations":[{"start":{"line":27,"column":2},"end":{"line":29,"column":3}},{"start":{},"end":{}}]},"1":{"loc":{"start":{"line":27,"column":6},"end":{"line":27,"column":63}},"type":"binary-expr","locations":[{"start":{"line":27,"column":6},"end":{"line":27,"column":11}},{"start":{"line":27,"column":15},"end":{"line":27,"column":63}}]}},"s":{"0":4,"1":4,"2":4,"3":4,"4":3,"5":3,"6":3,"7":3,"8":4,"9":4,"10":3,"11":3,"12":3,"13":0,"14":3,"15":3,"16":4},"f":{"0":3,"1":3},"b":{"0":[0,3],"1":[3,3]}}
,"D:\\placement 2025\\sweet-shop-management-system\\backend\\src\\controllers\\purchase.controller.ts": {"path":"D:\\placement 2025\\sweet-shop-management-system\\backend\\src\\controllers\\purchase.controller.ts","statementMap":{"0":{"start":{"line":2,"column":0},"end":{"line":2,"column":37}},"1":{"start":{"line":4,"column":34},"end":{"line":23,"column":1}},"2":{"start":{"line":5,"column":17},"end":{"line":5,"column":28}},"3":{"start":{"line":7,"column":20},"end":{"line":20,"column":4}},"4":{"start":{"line":22,"column":2},"end":{"line":22,"column":22}},"5":{"start":{"line":4,"column":13},"end":{"line":4,"column":34}}},"fnMap":{"0":{"name":"(anonymous_1)","decl":{"start":{"line":4,"column":34},"end":{"line":4,"column":39}},"loc":{"start":{"line":4,"column":68},"end":{"line":23,"column":1}}}},"branchMap":{},"s":{"0":4,"1":4,"2":0,"3":0,"4":0,"5":4},"f":{"0":0},"b":{}}
,"D:\\placement 2025\\sweet-shop-management-system\\backend\\src\\controllers\\sweet.controller.ts": {"path":"D:\\placement 2025\\sweet-shop-management-system\\backend\\src\\controllers\\sweet.controller.ts","statementMap":{"0":{"start":{"line":2,"column":0},"end":{"line":2,"column":37}},"1":{"start":{"line":8,"column":24},"end":{"line":22,"column":1}},"2":{"start":{"line":9,"column":59},"end":{"line":9,"column":67}},"3":{"start":{"line":11,"column":16},"end":{"line":19,"column":4}},"4":{"start":{"line":21,"column":2},"end":{"line":21,"column":30}},"5":{"start":{"line":8,"column":13},"end":{"line":8,"column":24}},"6":{"start":{"line":27,"column":25},"end":{"line":33,"column":1}},"7":{"start":{"line":28,"column":17},"end":{"line":30,"column":4}},"8":{"start":{"line":32,"column":2},"end":{"line":32,"column":19}},"9":{"start":{"line":27,"column":13},"end":{"line":27,"column":25}},"10":{"start":{"line":38,"column":28},"end":{"line":53,"column":1}},"11":{"start":{"line":39,"column":49},"end":{"line":39,"column":58}},"12":{"start":{"line":41,"column":17},"end":{"line":50,"column":4}},"13":{"start":{"line":52,"column":2},"end":{"line":52,"column":19}},"14":{"start":{"line":38,"column":13},"end":{"line":38,"column":28}},"15":{"start":{"line":58,"column":27},"end":{"line":67,"column":1}},"16":{"start":{"line":59,"column":17},"end":{"line":59,"column":27}},"17":{"start":{"line":61,"column":16},"end":{"line":64,"column":4}},"18":{"start":{"line":66,"column":2},"end":{"line":66,"column":18}},"19":{"start":{"line":58,"column":13},"end":{"line":58,"column":27}},"20":{"start":{"line":72,"column":27},"end":{"line":80,"column":1}},"21":{"start":{"line":73,"column":17},"end":{"line":73,"column":27}},"22":{"start":{"line":75,"column":2},"end":{"line":77,"column":5}},"23":{"start":{"line":79,"column":2},"end":{"line":79,"column":54}},"24":{"start":{"line":72,"column":13},"end":{"line":72,"column":27}},"25":{"start":{"line":85,"column":29},"end":{"line":122,"column":1}},"26":{"start":{"line":86,"column":17},"end":{"line":86,"column":27}},"27":{"start":{"line":87,"column":27},"end":{"line":87,"column":35}},"28":{"start":{"line":88,"column":17},"end":{"line":88,"column":33}},"29":{"start":{"line":90,"column":16},"end":{"line":90,"column":64}},"30":{"start":{"line":92,"column":2},"end":{"line":94,"column":3}},"31":{"start":{"line":93,"column":4},"end":{"line":93,"column":64}},"32":{"start":{"line":96,"column":2},"end":{"line":98,"column":3}},"33":{"start":{"line":97,"column":4},"end":{"line":97,"column":67}},"34":{"start":{"line":100,"column":16},"end":{"line":100,"column":38}},"35":{"start":{"line":102,"column":2},"end":{"line":116,"column":5}},"36":{"start":{"line":118,"column":2},"end":{"line":121,"column":5}},"37":{"start":{"line":85,"column":13},"end":{"line":85,"column":29}},"38":{"start":{"line":127,"column":28},"end":{"line":139,"column":1}},"39":{"start":{"line":128,"column":17},"end":{"line":128,"column":27}},"40":{"start":{"line":129,"column":23},"end":{"line":129,"column":31}},"41":{"start":{"line":131,"column":16},"end":{"line":136,"column":4}},"42":{"start":{"line":138,"column":2},"end":{"line":138,"column":18}},"43":{"start":{"line":127,"column":13},"end":{"line":127,"column":28}}},"fnMap":{"0":{"name":"(anonymous_1)","decl":{"start":{"line":8,"column":24},"end":{"line":8,"column":29}},"loc":{"start":{"line":8,"column":62},"end":{"line":22,"column":1}}},"1":{"name":"(anonymous_2)","decl":{"start":{"line":27,"column":25},"end":{"line":27,"column":30}},"loc":{"start":{"line":27,"column":64},"end":{"line":33,"column":1}}},"2":{"name":"(anonymous_3)","decl":{"start":{"line":38,"column":28},"end":{"line":38,"column":33}},"loc":{"start":{"line":38,"column":66},"end":{"line":53,"column":1}}},"3":{"name":"(anonymous_4)","decl":{"start":{"line":58,"column":27},"end":{"line":58,"column":32}},"loc":{"start":{"line":58,"column":65},"end":{"line":67,"column":1}}},"4":{"name":"(anonymous_5)","decl":{"start":{"line":72,"column":27},"end":{"line":72,"column":32}},"loc":{"start":{"line":72,"column":65},"end":{"line":80,"column":1}}},"5":{"name":"(anonymous_6)","decl":{"start":{"line":85,"column":29},"end":{"line":85,"column":34}},"loc":{"start":{"line":85,"column":71},"end":{"line":122,"column":1}}},"6":{"name":"(anonymous_7)","decl":{"start":{"line":127,"column":28},"end":{"line":127,"column":33}},"loc":{"start":{"line":127,"column":66},"end":{"line":139,"column":1}}}},"branchMap":{"0":{"loc":{"start":{"line":43,"column":12},"end":{"line":43,"column":78}},"type":"cond-expr","locations":[{"start":{"line":43,"column":19},"end":{"line":43,"column":66}},{"start":{"line":43,"column":69},"end":{"line":43,"column":78}}]},"1":{"loc":{"start":{"line":44,"column":16},"end":{"line":44,"column":55}},"type":"cond-expr","locations":[{"start":{"line":44,"column":27},"end":{"line":44,"column":43}},{"start":{"line":44,"column":46},"end":{"line":44,"column":55}}]},"2":{"loc":{"start":{"line":46,"column":13},"end":{"line":46,"column":52}},"type":"cond-expr","locations":[{"start":{"line":46,"column":24},"end":{"line":46,"column":40}},{"start":{"line":46,"column":43},"end":{"line":46,"column":52}}]},"3":{"loc":{"start":{"line":47,"column":13},"end":{"line":47,"column":52}},"type":"cond-expr","locations":[{"start":{"line":47,"column":24},"end":{"line":47,"column":40}},{"start":{"line":47,"column":43},"end":{"line":47,"column":52}}]},"4":{"loc":{"start":{"line":87,"column":10},"end":{"line":87,"column":22}},"type":"default-arg","locations":[{"start":{"line":87,"column":21},"end":{"line":87,"column":22}}]},"5":{"loc":{"start":{"line":92,"column":2},"end":{"line":94,"column":3}},"type":"if","locations":[{"start":{"line":92,"column":2},"end":{"line":94,"column":3}},{"start":{},"end":{}}]},"6":{"loc":{"start":{"line":96,"column":2},"end":{"line":98,"column":3}},"type":"if","locations":[{"start":{"line":96,"column":2},"end":{"line":98,"column":3}},{"start":{},"end":{}}]}},"s":{"0":4,"1":4,"2":1,"3":1,"4":1,"5":4,"6":4,"7":0,"8":0,"9":4,"10":4,"11":0,"12":0,"13":0,"14":4,"15":4,"16":0,"17":0,"18":0,"19":4,"20":4,"21":1,"22":1,"23":1,"24":4,"25":4,"26":3,"27":3,"28":3,"29":3,"30":3,"31":0,"32":3,"33":1,"34":2,"35":2,"36":2,"37":4,"38":4,"39":0,"40":0,"41":0,"42":0,"43":4},"f":{"0":1,"1":0,"2":0,"3":0,"4":1,"5":3,"6":0},"b":{"0":[0,0],"1":[0,0],"2":[0,0],"3":[0,0],"4":[0],"5":[0,3],"6":[1,2]}}
,"D:\\placement 2025\\sweet-shop-management-system\\backend\\src\\middleware\\admin.middleware.ts": {"path":"D:\\placement 2025\\sweet-shop-management-system\\backend\\src\\middleware\\admin.middleware.ts","statementMap":{"0":{"start":{"line":8,"column":23},"end":{"line":26,"column":1}},"1":{"start":{"line":13,"column":2},"end":{"line":17,"column":3}},"2":{"start":{"line":14,"column":4},"end":{"line":16,"column":7}},"3":{"start":{"line":19,"column":2},"end":{"line":23,"column":3}},"4":{"start":{"line":20,"column":4},"end":{"line":22,"column":7}},"5":{"start":{"line":25,"column":2},"end":{"line":25,"column":9}},"6":{"start":{"line":8,"column":13},"end":{"line":8,"column":23}}},"fnMap":{"0":{"name":"(anonymous_0)","decl":{"start":{"line":8,"column":23},"end":{"line":8,"column":null}},"loc":{"start":{"line":12,"column":4},"end":{"line":26,"column":1}}}},"branchMap":{"0":{"loc":{"start":{"line":13,"column":2},"end":{"line":17,"column":3}},"type":"if","locations":[{"start":{"line":13,"column":2},"end":{"line":17,"column":3}},{"start":{},"end":{}}]},"1":{"loc":{"start":{"line":19,"column":2},"end":{"line":23,"column":3}},"type":"if","locations":[{"start":{"line":19,"column":2},"end":{"line":23,"column":3}},{"start":{},"end":{}}]}},"s":{"0":4,"1":2,"2":0,"3":2,"4":0,"5":2,"6":4},"f":{"0":2},"b":{"0":[0,2],"1":[0,2]}}
,"D:\\placement 2025\\sweet-shop-management-system\\backend\\src\\middleware\\auth.middleware.ts": {"path":"D:\\placement 2025\\sweet-shop-management-system\\backend\\src\\middleware\\auth.middleware.ts","statementMap":{"0":{"start":{"line":2,"column":0},"end":{"line":2,"column":31}},"1":{"start":{"line":12,"column":28},"end":{"line":33,"column":1}},"2":{"start":{"line":17,"column":16},"end":{"line":17,"column":56}},"3":{"start":{"line":18,"column":2},"end":{"line":20,"column":3}},"4":{"start":{"line":19,"column":4},"end":{"line":19,"column":61}},"5":{"start":{"line":22,"column":2},"end":{"line":32,"column":3}},"6":{"start":{"line":23,"column":20},"end":{"line":25,"column":null}},"7":{"start":{"line":28,"column":4},"end":{"line":28,"column":23}},"8":{"start":{"line":29,"column":4},"end":{"line":29,"column":11}},"9":{"start":{"line":31,"column":4},"end":{"line":31,"column":55}},"10":{"start":{"line":12,"column":13},"end":{"line":12,"column":28}}},"fnMap":{"0":{"name":"(anonymous_1)","decl":{"start":{"line":12,"column":28},"end":{"line":12,"column":null}},"loc":{"start":{"line":16,"column":4},"end":{"line":33,"column":1}}}},"branchMap":{"0":{"loc":{"start":{"line":18,"column":2},"end":{"line":20,"column":3}},"type":"if","locations":[{"start":{"line":18,"column":2},"end":{"line":20,"column":3}},{"start":{},"end":{}}]}},"s":{"0":4,"1":4,"2":7,"3":7,"4":2,"5":5,"6":5,"7":5,"8":5,"9":0,"10":4},"f":{"0":7},"b":{"0":[2,5]}}
,"D:\\placement 2025\\sweet-shop-management-system\\backend\\src\\routes\\auth.routes.ts": {"path":"D:\\placement 2025\\sweet-shop-management-system\\backend\\src\\routes\\auth.routes.ts","statementMap":{"0":{"start":{"line":1,"column":0},"end":{"line":1,"column":33}},"1":{"start":{"line":2,"column":0},"end":{"line":2,"column":65}},"2":{"start":{"line":4,"column":15},"end":{"line":4,"column":23}},"3":{"start":{"line":10,"column":0},"end":{"line":10,"column":35}},"4":{"start":{"line":11,"column":0},"end":{"line":11,"column":29}},"5":{"start":{"line":13,"column":0},"end":{"line":13,"column":22}}},"fnMap":{},"branchMap":{},"s":{"0":4,"1":4,"2":4,"3":4,"4":4,"5":4},"f":{},"b":{}}
,"D:\\placement 2025\\sweet-shop-management-system\\backend\\src\\routes\\purchase.routes.ts": {"path":"D:\\placement 2025\\sweet-shop-management-system\\backend\\src\\routes\\purchase.routes.ts","statementMap":{"0":{"start":{"line":1,"column":0},"end":{"line":1,"column":33}},"1":{"start":{"line":2,"column":0},"end":{"line":2,"column":72}},"2":{"start":{"line":3,"column":0},"end":{"line":3,"column":61}},"3":{"start":{"line":5,"column":15},"end":{"line":5,"column":23}},"4":{"start":{"line":7,"column":0},"end":{"line":7,"column":50}},"5":{"start":{"line":9,"column":0},"end":{"line":9,"column":22}}},"fnMap":{},"branchMap":{},"s":{"0":4,"1":4,"2":4,"3":4,"4":4,"5":4},"f":{},"b":{}}
,"D:\\placement 2025\\sweet-shop-management-system\\backend\\src\\routes\\sweet.routes.ts": {"path":"D:\\placement 2025\\sweet-shop-management-system\\backend\\src\\routes\\sweet.routes.ts","statementMap":{"0":{"start":{"line":1,"column":0},"end":{"line":1,"column":33}},"1":{"start":{"line":2,"column":0},"end":{"line":2,"column":37}},"2":{"start":{"line":4,"column":0},"end":{"line":4,"column":null}},"3":{"start":{"line":14,"column":0},"end":{"line":14,"column":61}},"4":{"start":{"line":15,"column":0},"end":{"line":15,"column":57}},"5":{"start":{"line":17,"column":15},"end":{"line":17,"column":23}},"6":{"start":{"line":23,"column":0},"end":{"line":29,"column":3}},"7":{"start":{"line":24,"column":17},"end":{"line":26,"column":4}},"8":{"start":{"line":28,"column":2},"end":{"line":28,"column":19}},"9":{"start":{"line":34,"column":0},"end":{"line":34,"column":41}},"10":{"start":{"line":35,"column":0},"end":{"line":35,"column":50}},"11":{"start":{"line":37,"column":0},"end":{"line":37,"column":50}},"12":{"start":{"line":38,"column":0},"end":{"line":38,"column":55}},"13":{"start":{"line":39,"column":0},"end":{"line":39,"column":58}},"14":{"start":{"line":41,"column":0},"end":{"line":41,"column":65}},"15":{"start":{"line":42,"column":0},"end":{"line":42,"column":58}},"16":{"start":{"line":45,"column":0},"end":{"line":45,"column":22}}},"fnMap":{"0":{"name":"(anonymous_1)","decl":{"start":{"line":23,"column":22},"end":{"line":23,"column":27}},"loc":{"start":{"line":23,"column":42},"end":{"line":29,"column":1}}}},"branchMap":{},"s":{"0":4,"1":4,"2":4,"3":4,"4":4,"5":4,"6":4,"7":0,"8":0,"9":4,"10":4,"11":4,"12":4,"13":4,"14":4,"15":4,"16":4},"f":{"0":0},"b":{}}
,"D:\\placement 2025\\sweet-shop-management-system\\backend\\src\\utils\\prisma.ts": {"path":"D:\\placement 2025\\sweet-shop-management-system\\backend\\src\\utils\\prisma.ts","statementMap":{"0":{"start":{"line":1,"column":0},"end":{"line":1,"column":46}},"1":{"start":{"line":3,"column":15},"end":{"line":3,"column":33}},"2":{"start":{"line":5,"column":0},"end":{"line":5,"column":22}}},"fnMap":{},"branchMap":{},"s":{"0":4,"1":4,"2":4},"f":{},"b":{}}
}
