TN:
SF:src\app.ts
FN:17,(anonymous_1)
FNF:1
FNH:0
FNDA:0,(anonymous_1)
DA:1,4
DA:2,4
DA:4,4
DA:5,4
DA:6,4
DA:8,4
DA:10,4
DA:11,4
DA:13,4
DA:14,4
DA:15,4
DA:17,4
DA:18,0
DA:21,4
LF:14
LH:13
BRF:0
BRH:0
end_of_record
TN:
SF:src\controllers\auth.controller.ts
FN:6,(anonymous_1)
FN:22,(anonymous_2)
FNF:2
FNH:2
FNDA:3,(anonymous_1)
FNDA:3,(anonymous_2)
DA:2,4
DA:3,4
DA:4,4
DA:6,4
DA:7,3
DA:9,3
DA:11,3
DA:19,3
DA:22,4
DA:23,3
DA:25,3
DA:27,3
DA:28,0
DA:31,3
DA:37,3
LF:15
LH:14
BRDA:27,0,0,0
BRDA:27,0,1,3
BRDA:27,1,0,3
BRDA:27,1,1,3
BRF:4
BRH:3
end_of_record
TN:
SF:src\controllers\purchase.controller.ts
FN:4,(anonymous_1)
FNF:1
FNH:0
FNDA:0,(anonymous_1)
DA:2,4
DA:4,4
DA:5,0
DA:7,0
DA:22,0
LF:5
LH:2
BRF:0
BRH:0
end_of_record
TN:
SF:src\controllers\sweet.controller.ts
FN:8,(anonymous_1)
FN:27,(anonymous_2)
FN:38,(anonymous_3)
FN:58,(anonymous_4)
FN:72,(anonymous_5)
FN:85,(anonymous_6)
FN:127,(anonymous_7)
FNF:7
FNH:3
FNDA:1,(anonymous_1)
FNDA:0,(anonymous_2)
FNDA:0,(anonymous_3)
FNDA:0,(anonymous_4)
FNDA:1,(anonymous_5)
FNDA:3,(anonymous_6)
FNDA:0,(anonymous_7)
DA:2,4
DA:8,4
DA:9,1
DA:11,1
DA:21,1
DA:27,4
DA:28,0
DA:32,0
DA:38,4
DA:39,0
DA:41,0
DA:52,0
DA:58,4
DA:59,0
DA:61,0
DA:66,0
DA:72,4
DA:73,1
DA:75,1
DA:79,1
DA:85,4
DA:86,3
DA:87,3
DA:88,3
DA:90,3
DA:92,3
DA:93,0
DA:96,3
DA:97,1
DA:100,2
DA:102,2
DA:118,2
DA:127,4
DA:128,0
DA:129,0
DA:131,0
DA:138,0
LF:37
LH:24
BRDA:43,0,0,0
BRDA:43,0,1,0
BRDA:44,1,0,0
BRDA:44,1,1,0
BRDA:46,2,0,0
BRDA:46,2,1,0
BRDA:47,3,0,0
BRDA:47,3,1,0
BRDA:87,4,0,0
BRDA:92,5,0,0
BRDA:92,5,1,3
BRDA:96,6,0,1
BRDA:96,6,1,2
BRF:13
BRH:3
end_of_record
TN:
SF:src\middleware\admin.middleware.ts
FN:8,(anonymous_0)
FNF:1
FNH:1
FNDA:2,(anonymous_0)
DA:8,4
DA:13,2
DA:14,0
DA:19,2
DA:20,0
DA:25,2
LF:6
LH:4
BRDA:13,0,0,0
BRDA:13,0,1,2
BRDA:19,1,0,0
BRDA:19,1,1,2
BRF:4
BRH:2
end_of_record
TN:
SF:src\middleware\auth.middleware.ts
FN:12,(anonymous_1)
FNF:1
FNH:1
FNDA:7,(anonymous_1)
DA:2,4
DA:12,4
DA:17,7
DA:18,7
DA:19,2
DA:22,5
DA:23,5
DA:28,5
DA:29,5
DA:31,0
LF:10
LH:9
BRDA:18,0,0,2
BRDA:18,0,1,5
BRF:2
BRH:2
end_of_record
TN:
SF:src\routes\auth.routes.ts
FNF:0
FNH:0
DA:1,4
DA:2,4
DA:4,4
DA:10,4
DA:11,4
DA:13,4
LF:6
LH:6
BRF:0
BRH:0
end_of_record
TN:
SF:src\routes\purchase.routes.ts
FNF:0
FNH:0
DA:1,4
DA:2,4
DA:3,4
DA:5,4
DA:7,4
DA:9,4
LF:6
LH:6
BRF:0
BRH:0
end_of_record
TN:
SF:src\routes\sweet.routes.ts
FN:23,(anonymous_1)
FNF:1
FNH:0
FNDA:0,(anonymous_1)
DA:1,4
DA:2,4
DA:4,4
DA:14,4
DA:15,4
DA:17,4
DA:23,4
DA:24,0
DA:28,0
DA:34,4
DA:35,4
DA:37,4
DA:38,4
DA:39,4
DA:41,4
DA:42,4
DA:45,4
LF:17
LH:15
BRF:0
BRH:0
end_of_record
TN:
SF:src\utils\prisma.ts
FNF:0
FNH:0
DA:1,4
DA:3,4
DA:5,4
LF:3
LH:3
BRF:0
BRH:0
end_of_record
